[17:30:41] [Render thread/INFO] [JMLogger] JourneyMap log initialized.
[17:30:41] [Render thread/INFO] [JourneymapClient] initialize ENTER
[17:30:41] [Render thread/INFO] [ClientAPI] [ClientAPI] built with JourneyMap API 1.9-SNAPSHOT
[17:30:41] [Render thread/INFO] [PluginHelper] Initializing plugins with Client API: journeymap.client.api.impl.ClientAPI
[17:30:41] [Render thread/INFO] [PluginHelper] Initialized IClientPlugin: net.blay09.mods.waystones.compat.JourneyMapIntegration
[17:30:41] [Render thread/INFO] [?] Version: JourneyMap 1.20.1-5.10.1, built with forge 1.20.1-47.2.30
forge: 47.3.7
Environment: os.name, os.arch, java.version, user.country, user.language=null, game language=es_es, locale=es_es
Features: 
	RadarPlayers : singleplayer = true , multiplayer = true
	RadarAnimals : singleplayer = true , multiplayer = true
	RadarMobs : singleplayer = true , multiplayer = true
	RadarVillagers : singleplayer = true , multiplayer = true
	MapTopo : singleplayer = true , multiplayer = true
	MapSurface : singleplayer = true , multiplayer = true
	MapCaves : singleplayer = true , multiplayer = true
	MapBiome : singleplayer = true , multiplayer = true
MiniMapProperties{state=Valid, file=journeymap.minimap.config, configVersion=5.10.1, zoomLevel=0, compassFontScale=1.0, terrainAlpha=100, showEntityNames=true, positionX=0.9, positionY=0.25, effectVertical=false, showPlayerHeading=true, sizePercent=30, playerDisplayScale=1.0, showDayNight=true, showPets=true, preferredMapType=day, showCompass=true, mobDisplay=jm.common.entity_display.icons, systemTimeRealFormat=HH:mm:ss, shape=jm.minimap.shape_circle, showSelf=true, selfDisplayScale=1.0, showGrid=true, reticleOrientation=jm.minimap.orientation.compass, gameTimeRealFormat=HH:mm:ss, effectTranslateX=-76, showWaypoints=true, minimapKeyMovementSpeed=0.001, showAnimals=true, infoSlotAlpha=0.7, effectTranslateY=0, showWaypointLabels=true, moveEffectIcons=true, position=jm.minimap.position_topright, fontScale=1.0, showPlayers=true, waypointIconScale=1.0, frameAlpha=100, effectReversed=false, backgroundAlpha=0.8, enabled=true, showVillagers=true, info2Label=jm.theme.labelsource.gametime, info3Label=jm.theme.labelsource.location, showMobs=true, waypointLabelScale=1.0, showReticle=true, orientation=jm.minimap.orientation.north, info4Label=jm.theme.labelsource.biome, locationFormat=xzyv, playerDisplay=jm.common.entity_display.dots, mobDisplayScale=1.0, showCaves=true, showMobHeading=true, locationFormatVerbose=true, info1Label=jm.theme.labelsource.gametime.real}
MiniMapProperties{state=Valid, file=journeymap.minimap2.config, configVersion=5.10.1, zoomLevel=0, compassFontScale=1.0, terrainAlpha=100, showEntityNames=true, positionX=0.9, positionY=0.25, effectVertical=false, showPlayerHeading=true, sizePercent=30, playerDisplayScale=1.0, showDayNight=true, showPets=true, preferredMapType=day, showCompass=true, mobDisplay=jm.common.entity_display.dots, systemTimeRealFormat=HH:mm:ss, shape=jm.minimap.shape_rectangle, showSelf=true, selfDisplayScale=1.0, showGrid=true, reticleOrientation=jm.minimap.orientation.compass, gameTimeRealFormat=HH:mm:ss, effectTranslateX=0, showWaypoints=true, minimapKeyMovementSpeed=0.001, showAnimals=true, infoSlotAlpha=0.7, effectTranslateY=0, showWaypointLabels=true, moveEffectIcons=true, position=jm.minimap.position_topright, fontScale=1.0, showPlayers=true, waypointIconScale=1.0, frameAlpha=100, effectReversed=false, backgroundAlpha=0.8, enabled=true, showVillagers=true, info2Label=jm.theme.labelsource.gametime, info3Label=jm.theme.labelsource.location, showMobs=true, waypointLabelScale=1.0, showReticle=true, orientation=jm.minimap.orientation.north, info4Label=jm.theme.labelsource.biome, locationFormat=xzyv, playerDisplay=jm.common.entity_display.dots, mobDisplayScale=1.0, showCaves=true, showMobHeading=true, locationFormatVerbose=true, info1Label=jm.theme.labelsource.blank}
FullMapProperties{state=Valid, file=journeymap.fullmap.config, configVersion=5.10.1, zoomLevel=0, showPlayers=true, waypointIconScale=1.0, showEntityNames=true, showPlayerHeading=true, showVillagers=true, showPlayerLoc=true, showKeys=true, playerDisplayScale=1.0, showMobs=true, showPets=true, waypointLabelScale=1.0, preferredMapType=day, mobDisplay=jm.common.entity_display.icons, showSelf=true, locationFormat=xzyv, playerDisplay=jm.common.entity_display.dots, mobDisplayScale=1.0, selfDisplayScale=1.0, showGrid=true, showMouseLoc=true, showWaypoints=true, showCaves=true, showAnimals=true, showMobHeading=true, showWaypointLabels=true, locationFormatVerbose=true, fontScale=1.0}
WaypointProperties{state=Valid, file=journeymap.waypoint.config, configVersion=5.10.1, autoRemoveDeathpointDistance=2, dateFormat=MM-dd-yyyy, autoRemoveDeathpoints=false, fullscreenDoubleClickToCreate=true, managerDimensionFocus=false, minDistance=4, boldLabel=false, textureSmall=true, showDeathpointlabel=true, beaconEnabled=true, createDeathpoints=true, showName=true, disableStrikeThrough=false, maxDistance=0, autoHideLabel=true, autoRemoveTempWaypoints=2, teleportCommand=/tp {name} {x} {y} {z}, showStaticBeam=true, shaderBeacon=false, timeFormat=HH:mm:ss, showDeviationLabel=false, showDistance=true, showRotatingBeam=true, fontScale=2.0, showTexture=true, managerEnabled=true}
WebMapProperties{state=Valid, file=journeymap.webmap.config, configVersion=5.10.1, port=8080, enabled=false}
CoreProperties{state=Valid, file=journeymap.core.config, configVersion=5.10.1, verboseColorPalette=false, maxPlayersData=32, mapSurfaceAboveCaves=true, dataCachingEnabled=true, optionsManagerViewed=5.10.1, announceMod=true, colorPassive=#bbbbbb, mapBlendWater=false, renderDistanceSurfaceMax=0, seedId=false, radarVerticalDistance=16, mapBlendGrass=true, recordCacheStats=false, hideSneakingEntities=true, revealShape=jm.minimap.shape_circle, mapBiome=true, alwaysMapSurface=false, colorVillager=#88e188, mapPlants=false, colorPet=#0077ff, radarLateralDistance=64, mapBathymetry=false, mapCrops=true, maxMobsData=32, mapPlantShadows=false, alwaysMapCaves=false, checkUpdates=true, mapBlendFoliage=true, hideSpectators=false, mappingEnabled=true, colorPlayer=#ffffff, tileHighDisplayQuality=true, cacheVillagersData=2200, logLevel=INFO, maxVillagersData=32, mapWaterBiomeColors=false, maxAnimalsData=32, mapTransparency=true, caveBlackAsClear=false, tileRenderType=1, caveIgnoreGlass=true, mapTopography=true, renderDistanceCaveMax=0, mapAntialiasing=true, colorSelf=#0000ff, cachePlayersData=2000, cacheMobsData=3000, cachePlayerData=1000, splashViewed=5.10.1, colorHostile=#ff0000, cacheAnimalsData=3100, themeName=OceanMonument, mapCaveLighting=true, renderDelay=2, glErrorChecking=false, autoMapPoll=2000}
[17:30:41] [Render thread/INFO] [JourneymapClient] initialize EXIT, elapsed count 1 avg 317.93ms
[17:30:59] [Render thread/INFO] [JourneymapClient] Journeymap PostInit
[17:30:59] [Render thread/INFO] [ThemeLoader] Preloaded theme textures: 73
[17:30:59] [Render thread/INFO] [JourneymapClient] postInitialize EXIT, elapsed count 1 avg 377.77ms
[17:32:39] [Server thread/INFO] [ForgeConfig] Loading JourneyMap Forge Configs
[17:33:03] [Render thread/INFO] [ModBlockDelegate] Custom modded block handling enabled for biomesoplenty
[17:33:03] [Render thread/INFO] [WaypointStore] Loaded 3 waypoints from C:\Users\victoria\AppData\Roaming\ATLauncher\instances\TerraCraftIXPlayer\journeymap\data\sp\Mundo nuevo\waypoints
[17:33:03] [Render thread/INFO] [JourneymapClient] Mapping started in C:\Users\victoria\AppData\Roaming\ATLauncher\instances\TerraCraftIXPlayer\journeymap\data\sp\Mundo nuevo\overworld. Memory: 4096MB total, 1157MB free 
[17:33:03] [Render thread/INFO] [ChatLog] JourneyMap: Presione [J]
[17:33:03] [Render thread/WARN] [JMLogger] Can't get entityTexture for weeping_angels:textures/entity_icon/angel/alice/variants/normal/normal_angel_idle.png
[17:33:03] [Render thread/WARN] [JMLogger] Can't get entityTexture for weeping_angels:textures/entity_icon/angel/alice/variants/rusted_no_arm/rusted_no_arm_angel_idle.png
[17:33:03] [Render thread/WARN] [JMLogger] undead_revamp2:textures/entities/therod.png doesn't have /entity/ in path, so can't look for /entity_icon/
[17:33:47] [Render thread/WARN] [JMLogger] undead_revamp2:textures/entities/emptytexture.png doesn't have /entity/ in path, so can't look for /entity_icon/
[17:34:04] [Render thread/WARN] [JMLogger] undead_revamp2:textures/entities/screamer.png doesn't have /entity/ in path, so can't look for /entity_icon/
[17:34:04] [Render thread/WARN] [JMLogger] undead_revamp2:textures/entities/runner_zombie_revamped.png doesn't have /entity/ in path, so can't look for /entity_icon/
[17:34:49] [Render thread/WARN] [JMLogger] undead_revamp2:textures/entities/slaveman.png doesn't have /entity/ in path, so can't look for /entity_icon/
[17:34:58] [Render thread/WARN] [JMLogger] undead_revamp2:textures/entities/thehunter.png doesn't have /entity/ in path, so can't look for /entity_icon/
[17:35:10] [Render thread/INFO] [JourneymapClient] Mapping halted in C:\Users\victoria\AppData\Roaming\ATLauncher\instances\TerraCraftIXPlayer\journeymap\data\mp\offline\minecraft:overworld
[17:35:12] [Server thread/INFO] [ForgeConfig] Loading JourneyMap Forge Configs
